Traceback (most recent call last):
  File "run_expt.py", line 335, in <module>
    main()
  File "run_expt.py", line 115, in main
    train_data, val_data, test_data = prepare_data(args, train=True)
  File "/data/vsrivatsa/overparam_spur_corr/data/data.py", line 32, in prepare_data
    return prepare_confounder_data(args, train, return_full_dataset)
  File "/data/vsrivatsa/overparam_spur_corr/data/confounder_utils.py", line 39, in prepare_confounder_data
    full_dataset : ConfounderDataset = confounder_settings[args.dataset]['constructor'](
  File "/data/vsrivatsa/overparam_spur_corr/data/breeds_dataset.py", line 125, in __init__
    groups = self.load_groups(
  File "/data/vsrivatsa/overparam_spur_corr/data/breeds_dataset.py", line 231, in load_groups
    groups = load_func(self.full_dataset, num_cpus=num_cpus)
  File "/data/vsrivatsa/overparam_spur_corr/data/breeds_dataset.py", line 292, in compute_groups_using_dots
    colored_white, full_dataset.samples[class0_white],num_cpus=num_cpus
IndexError: boolean index did not match indexed array along dimension 0; dimension is 53841 but corresponding boolean dimension is 26920
srun: error: luigi: task 0: Exited with exit code 1
Traceback (most recent call last):
  File "run_expt.py", line 335, in <module>
    main()
  File "run_expt.py", line 115, in main
    train_data, val_data, test_data = prepare_data(args, train=True)
  File "/data/vsrivatsa/overparam_spur_corr/data/data.py", line 32, in prepare_data
    return prepare_confounder_data(args, train, return_full_dataset)
  File "/data/vsrivatsa/overparam_spur_corr/data/confounder_utils.py", line 39, in prepare_confounder_data
    full_dataset : ConfounderDataset = confounder_settings[args.dataset]['constructor'](
  File "/data/vsrivatsa/overparam_spur_corr/data/breeds_dataset.py", line 125, in __init__
    groups = self.load_groups(
  File "/data/vsrivatsa/overparam_spur_corr/data/breeds_dataset.py", line 231, in load_groups
    groups = load_func(self.full_dataset, num_cpus=num_cpus)
  File "/data/vsrivatsa/overparam_spur_corr/data/breeds_dataset.py", line 292, in compute_groups_using_dots
    colored_white, full_dataset.samples[class0_white],num_cpus=num_cpus
IndexError: boolean index did not match indexed array along dimension 0; dimension is 53841 but corresponding boolean dimension is 26920
srun: error: luigi: task 0: Exited with exit code 1
